Using pre-set license
Built from '2021.1/staging' branch; Version is '2021.1.7f1 (d91830b65d9b) revision 14227504'; Using compiler version '192528614'; Build Type 'Release'
OS: 'Windows 10 Home; OS build 19043.1237; Version 2009; 64bit' Language: 'en' Physical Memory: 7778 MB
BatchMode: 1, IsHumanControllingUs: 0, StartBugReporterOnCrash: 0, Is64bit: 1, IsPro: 0

 COMMAND LINE ARGUMENTS:
C:\Program Files\Unity 2021.1.7f1\Editor\Unity.exe
-adb2
-batchMode
-noUpm
-name
AssetImportWorker0
-projectPath
C:/Users/w24ch/Desktop/Games/Game Dev/proj02Reset
-logFile
Logs/AssetImportWorker0.log
-srvPort
62084
Successfully changed project path to: C:/Users/w24ch/Desktop/Games/Game Dev/proj02Reset
C:/Users/w24ch/Desktop/Games/Game Dev/proj02Reset
Using Asset Import Pipeline V2.
Refreshing native plugins compatible for Editor in 100.07 ms, found 2 plugins.
Preloading 0 native plugins for Editor in 0.00 ms.
Initialize engine version: 2021.1.7f1 (d91830b65d9b)
[Subsystems] Discovering subsystems at path C:/Program Files/Unity 2021.1.7f1/Editor/Data/Resources/UnitySubsystems
[Subsystems] Discovering subsystems at path C:/Users/w24ch/Desktop/Games/Game Dev/proj02Reset/Assets
GfxDevice: creating device client; threaded=0; jobified=0
Direct3D:
    Version:  Direct3D 11.0 [level 11.1]
    Renderer: Intel(R) Iris(R) Plus Graphics (ID=0x8a5a)
    Vendor:   Intel
    VRAM:     3889 MB
    Driver:   27.20.100.8681
Initialize mono
Mono path[0] = 'C:/Program Files/Unity 2021.1.7f1/Editor/Data/Managed'
Mono path[1] = 'C:/Program Files/Unity 2021.1.7f1/Editor/Data/MonoBleedingEdge/lib/mono/unityjit'
Mono config path = 'C:/Program Files/Unity 2021.1.7f1/Editor/Data/MonoBleedingEdge/etc'
Using monoOptions --debugger-agent=transport=dt_socket,embedding=1,server=y,suspend=n,address=127.0.0.1:56644
Begin MonoManager ReloadAssembly
Registering precompiled unity dll's ...
Register platform support module: C:/Program Files/Unity 2021.1.7f1/Editor/Data/PlaybackEngines/MacStandaloneSupport/UnityEditor.OSXStandalone.Extensions.dll
Register platform support module: C:/Program Files/Unity 2021.1.7f1/Editor/Data/PlaybackEngines/WindowsStandaloneSupport/UnityEditor.WindowsStandalone.Extensions.dll
Registered in 0.001878 seconds.
Native extension for WindowsStandalone target not found
Native extension for OSXStandalone target not found
Refreshing native plugins compatible for Editor in 94.68 ms, found 2 plugins.
Preloading 0 native plugins for Editor in 0.00 ms.
Mono: successfully reloaded assembly
- Completed reload, in  1.206 seconds
Platform modules already initialized, skipping
Registering precompiled user dll's ...
Registered in 0.002822 seconds.
Begin MonoManager ReloadAssembly
Symbol file LoadedFromMemory doesn't match image C:\Users\w24ch\Desktop\Games\Game Dev\proj02Reset\Library\PackageCache\com.unity.visualscripting@1.6.1\Editor\VisualScripting.Core\Dependencies\YamlDotNet\Unity.VisualScripting.YamlDotNet.dll
Symbol file LoadedFromMemory doesn't match image C:\Users\w24ch\Desktop\Games\Game Dev\proj02Reset\Library\PackageCache\com.unity.visualscripting@1.6.1\Editor\VisualScripting.Core\Dependencies\DotNetZip\Unity.VisualScripting.IonicZip.dll
Native extension for WindowsStandalone target not found
Native extension for OSXStandalone target not found
Refreshing native plugins compatible for Editor in 103.19 ms, found 2 plugins.
Preloading 0 native plugins for Editor in 0.00 ms.
Mono: successfully reloaded assembly
- Completed reload, in  1.133 seconds
Platform modules already initialized, skipping
========================================================================
Worker process is ready to serve import requests
Launched and connected shader compiler UnityShaderCompiler.exe after 0.04 seconds
Refreshing native plugins compatible for Editor in 0.66 ms, found 2 plugins.
Preloading 0 native plugins for Editor in 0.00 ms.
Unloading 3446 Unused Serialized files (Serialized files now loaded: 0)
System memory in use before: 139.0 MB.
System memory in use after: 139.1 MB.

Unloading 27 unused Assets to reduce memory usage. Loaded Objects now: 3913.
Total: 3.361400 ms (FindLiveObjects: 0.273500 ms CreateObjectMapping: 0.157200 ms MarkObjects: 2.772300 ms  DeleteObjects: 0.156700 ms)

========================================================================
Received Import Request.
  path: Assets/Scenes/MainScene 2.unity
  artifactKey: Guid(2a147d8b7a821e246be949f72fd5beba) Importer(815301076,1909f56bfc062723c751e8b465ee728b)
Start importing Assets/Scenes/MainScene 2.unity using Guid(2a147d8b7a821e246be949f72fd5beba) Importer(815301076,1909f56bfc062723c751e8b465ee728b)  -> (artifact id: '6b88b28db5744b8bc290e7d3a0d78af7') in 0.020433 seconds 
========================================================================
Received Import Request.
  Time since last request: 4.616002 seconds.
  path: Assets/Scenes/VictoryScene.unity
  artifactKey: Guid(2a147d8b7a821e246be949f72fd5beba) Importer(815301076,1909f56bfc062723c751e8b465ee728b)
Start importing Assets/Scenes/VictoryScene.unity using Guid(2a147d8b7a821e246be949f72fd5beba) Importer(815301076,1909f56bfc062723c751e8b465ee728b)  -> (artifact id: '6a96b58c2ad6e3b91c0cf907b15329fb') in 0.010000 seconds 
========================================================================
Received Import Request.
  Time since last request: 1.231351 seconds.
  path: Assets/Scenes/MainScene 1.unity
  artifactKey: Guid(7117404195f3b344ebf9c842cfd4c19f) Importer(815301076,1909f56bfc062723c751e8b465ee728b)
Start importing Assets/Scenes/MainScene 1.unity using Guid(7117404195f3b344ebf9c842cfd4c19f) Importer(815301076,1909f56bfc062723c751e8b465ee728b)  -> (artifact id: 'd53c51cace4dd165989004ef6883f37a') in 0.009655 seconds 
========================================================================
Received Import Request.
  Time since last request: 2.942168 seconds.
  path: Assets/Scenes/DeadScene.unity
  artifactKey: Guid(7117404195f3b344ebf9c842cfd4c19f) Importer(815301076,1909f56bfc062723c751e8b465ee728b)
Start importing Assets/Scenes/DeadScene.unity using Guid(7117404195f3b344ebf9c842cfd4c19f) Importer(815301076,1909f56bfc062723c751e8b465ee728b)  -> (artifact id: 'ab0d44dcde9ccb1cc357094b385d665e') in 0.010157 seconds 
========================================================================
Received Import Request.
  Time since last request: 3.835605 seconds.
  path: Assets/Scenes/MainScene.unity
  artifactKey: Guid(aabf998a42ee0aa4f8dfecb9e2d5f5a5) Importer(815301076,1909f56bfc062723c751e8b465ee728b)
Start importing Assets/Scenes/MainScene.unity using Guid(aabf998a42ee0aa4f8dfecb9e2d5f5a5) Importer(815301076,1909f56bfc062723c751e8b465ee728b)  -> (artifact id: '586f226de38ce02758ff1ed744c3ec62') in 0.010541 seconds 
========================================================================
Received Import Request.
  Time since last request: 13.402206 seconds.
  path: Assets/Scenes/Level1.unity
  artifactKey: Guid(2cda990e2423bbf4892e6590ba056729) Importer(815301076,1909f56bfc062723c751e8b465ee728b)
Start importing Assets/Scenes/Level1.unity using Guid(2cda990e2423bbf4892e6590ba056729) Importer(815301076,1909f56bfc062723c751e8b465ee728b)  -> (artifact id: '4a003157d9244e6c9465001b50b3e8b6') in 0.011541 seconds 
========================================================================
Received Import Request.
  Time since last request: 46.381363 seconds.
  path: Assets/Scripts/UI
  artifactKey: Guid(a1676562ff56d1d4ab88f224860d2ac6) Importer(815301076,1909f56bfc062723c751e8b465ee728b)
Start importing Assets/Scripts/UI using Guid(a1676562ff56d1d4ab88f224860d2ac6) Importer(815301076,1909f56bfc062723c751e8b465ee728b)  -> (artifact id: '56d6c568beeeb3553dda3d05c6442c88') in 0.012221 seconds 
========================================================================
Received Import Request.
  Time since last request: 1.869116 seconds.
  path: Assets/Scripts/UI/MainSceneTitle.cs
  artifactKey: Guid(11cc9037a96d83149879ec753626fe71) Importer(815301076,1909f56bfc062723c751e8b465ee728b)
Start importing Assets/Scripts/UI/MainSceneTitle.cs using Guid(11cc9037a96d83149879ec753626fe71) Importer(815301076,1909f56bfc062723c751e8b465ee728b)  -> (artifact id: '587dd121ed8082a9d32aee34ca97d2df') in 0.040634 seconds 
========================================================================
Received Prepare
Registering precompiled user dll's ...
Registered in 0.002614 seconds.
Begin MonoManager ReloadAssembly
Symbol file LoadedFromMemory doesn't match image C:\Users\w24ch\Desktop\Games\Game Dev\proj02Reset\Library\PackageCache\com.unity.visualscripting@1.6.1\Editor\VisualScripting.Core\Dependencies\YamlDotNet\Unity.VisualScripting.YamlDotNet.dll
Symbol file LoadedFromMemory doesn't match image C:\Users\w24ch\Desktop\Games\Game Dev\proj02Reset\Library\PackageCache\com.unity.visualscripting@1.6.1\Editor\VisualScripting.Core\Dependencies\DotNetZip\Unity.VisualScripting.IonicZip.dll
Native extension for WindowsStandalone target not found
Native extension for OSXStandalone target not found
Refreshing native plugins compatible for Editor in 0.55 ms, found 2 plugins.
Preloading 0 native plugins for Editor in 0.00 ms.
Mono: successfully reloaded assembly
- Completed reload, in  1.061 seconds
Platform modules already initialized, skipping
Refreshing native plugins compatible for Editor in 1.00 ms, found 2 plugins.
Preloading 0 native plugins for Editor in 0.00 ms.
Unloading 3422 Unused Serialized files (Serialized files now loaded: 0)
System memory in use before: 137.3 MB.
System memory in use after: 137.4 MB.

Unloading 16 unused Assets to reduce memory usage. Loaded Objects now: 3917.
Total: 6.095600 ms (FindLiveObjects: 1.165700 ms CreateObjectMapping: 0.335700 ms MarkObjects: 4.408400 ms  DeleteObjects: 0.182300 ms)

========================================================================
Received Prepare
Registering precompiled user dll's ...
Registered in 0.002220 seconds.
Begin MonoManager ReloadAssembly
Symbol file LoadedFromMemory doesn't match image C:\Users\w24ch\Desktop\Games\Game Dev\proj02Reset\Library\PackageCache\com.unity.visualscripting@1.6.1\Editor\VisualScripting.Core\Dependencies\YamlDotNet\Unity.VisualScripting.YamlDotNet.dll
Symbol file LoadedFromMemory doesn't match image C:\Users\w24ch\Desktop\Games\Game Dev\proj02Reset\Library\PackageCache\com.unity.visualscripting@1.6.1\Editor\VisualScripting.Core\Dependencies\DotNetZip\Unity.VisualScripting.IonicZip.dll
Native extension for WindowsStandalone target not found
Native extension for OSXStandalone target not found
Refreshing native plugins compatible for Editor in 0.70 ms, found 2 plugins.
Preloading 0 native plugins for Editor in 0.00 ms.
Mono: successfully reloaded assembly
- Completed reload, in  1.031 seconds
Platform modules already initialized, skipping
Refreshing native plugins compatible for Editor in 0.72 ms, found 2 plugins.
Preloading 0 native plugins for Editor in 0.00 ms.
Unloading 3422 Unused Serialized files (Serialized files now loaded: 0)
System memory in use before: 137.3 MB.
System memory in use after: 137.4 MB.

Unloading 16 unused Assets to reduce memory usage. Loaded Objects now: 3921.
Total: 2.887600 ms (FindLiveObjects: 0.285100 ms CreateObjectMapping: 0.145800 ms MarkObjects: 2.311300 ms  DeleteObjects: 0.143800 ms)

========================================================================
Received Import Request.
  Time since last request: 67.935216 seconds.
  path: Assets/TextMesh Pro/Fonts/5x5_pixel.ttf
  artifactKey: Guid(50ca93a23e58a9f47b9a536e9c9940aa) Importer(815301076,1909f56bfc062723c751e8b465ee728b)
Start importing Assets/TextMesh Pro/Fonts/5x5_pixel.ttf using Guid(50ca93a23e58a9f47b9a536e9c9940aa) Importer(815301076,1909f56bfc062723c751e8b465ee728b)  -> (artifact id: 'ee19b3efdb2d727776914a966f14b678') in 0.176730 seconds 
========================================================================
Received Import Request.
  Time since last request: 0.000287 seconds.
  path: Assets/TextMesh Pro/Examples & Extras/Fonts/Oswald-Bold.ttf
  artifactKey: Guid(c9f6d0e7bc8541498c9a4799ba184ede) Importer(815301076,1909f56bfc062723c751e8b465ee728b)
Start importing Assets/TextMesh Pro/Examples & Extras/Fonts/Oswald-Bold.ttf using Guid(c9f6d0e7bc8541498c9a4799ba184ede) Importer(815301076,1909f56bfc062723c751e8b465ee728b)  -> (artifact id: '09ddc6fa80163457daa344453caade47') in 0.023841 seconds 
========================================================================
Received Import Request.
  Time since last request: 0.000409 seconds.
  path: Assets/TextMesh Pro/Examples & Extras/Fonts/Roboto-Bold.ttf
  artifactKey: Guid(4beb055f07aaff244873dec698d0363e) Importer(815301076,1909f56bfc062723c751e8b465ee728b)
Start importing Assets/TextMesh Pro/Examples & Extras/Fonts/Roboto-Bold.ttf using Guid(4beb055f07aaff244873dec698d0363e) Importer(815301076,1909f56bfc062723c751e8b465ee728b)  -> (artifact id: 'bf2fdd4463da87c3433a9f4a8fad05f0') in 0.029634 seconds 
========================================================================
Received Import Request.
  Time since last request: 0.000321 seconds.
  path: Assets/TextMesh Pro/Examples & Extras/Fonts/Electronic Highway Sign.TTF
  artifactKey: Guid(8a2b9e2a607dd2143b58c44bc32410b4) Importer(815301076,1909f56bfc062723c751e8b465ee728b)
Start importing Assets/TextMesh Pro/Examples & Extras/Fonts/Electronic Highway Sign.TTF using Guid(8a2b9e2a607dd2143b58c44bc32410b4) Importer(815301076,1909f56bfc062723c751e8b465ee728b)  -> (artifact id: '95dc5861d47a3bdcfaebb9afe30f26e7') in 0.025762 seconds 
========================================================================
Received Import Request.
  Time since last request: 0.000626 seconds.
  path: Assets/TextMesh Pro/Fonts/LiberationSans.ttf
  artifactKey: Guid(e3265ab4bf004d28a9537516768c1c75) Importer(815301076,1909f56bfc062723c751e8b465ee728b)
Start importing Assets/TextMesh Pro/Fonts/LiberationSans.ttf using Guid(e3265ab4bf004d28a9537516768c1c75) Importer(815301076,1909f56bfc062723c751e8b465ee728b)  -> (artifact id: '15ebe4ab984d3116c78f19e11443b809') in 0.032886 seconds 
========================================================================
Received Import Request.
  Time since last request: 0.000276 seconds.
  path: Assets/TextMesh Pro/Examples & Extras/Fonts/Bangers.ttf
  artifactKey: Guid(5dd49b3eacc540408c98eee0de38e0f1) Importer(815301076,1909f56bfc062723c751e8b465ee728b)
Start importing Assets/TextMesh Pro/Examples & Extras/Fonts/Bangers.ttf using Guid(5dd49b3eacc540408c98eee0de38e0f1) Importer(815301076,1909f56bfc062723c751e8b465ee728b)  -> (artifact id: '589f1ca41137cdcf87b95be2ece3c6da') in 0.037976 seconds 
========================================================================
Received Import Request.
  Time since last request: 0.000476 seconds.
  path: Assets/TextMesh Pro/Examples & Extras/Fonts/Anton.ttf
  artifactKey: Guid(997a43b767814dd0a7642ec9b78cba41) Importer(815301076,1909f56bfc062723c751e8b465ee728b)
Start importing Assets/TextMesh Pro/Examples & Extras/Fonts/Anton.ttf using Guid(997a43b767814dd0a7642ec9b78cba41) Importer(815301076,1909f56bfc062723c751e8b465ee728b)  -> (artifact id: '7fb2072de9ff304793291f08a08047bf') in 0.025036 seconds 
========================================================================
Received Prepare
Registering precompiled user dll's ...
Registered in 0.003567 seconds.
Begin MonoManager ReloadAssembly
Symbol file LoadedFromMemory doesn't match image C:\Users\w24ch\Desktop\Games\Game Dev\proj02Reset\Library\PackageCache\com.unity.visualscripting@1.6.1\Editor\VisualScripting.Core\Dependencies\YamlDotNet\Unity.VisualScripting.YamlDotNet.dll
Symbol file LoadedFromMemory doesn't match image C:\Users\w24ch\Desktop\Games\Game Dev\proj02Reset\Library\PackageCache\com.unity.visualscripting@1.6.1\Editor\VisualScripting.Core\Dependencies\DotNetZip\Unity.VisualScripting.IonicZip.dll
Native extension for WindowsStandalone target not found
Native extension for OSXStandalone target not found
Refreshing native plugins compatible for Editor in 0.58 ms, found 2 plugins.
Preloading 0 native plugins for Editor in 0.00 ms.
Mono: successfully reloaded assembly
- Completed reload, in  1.061 seconds
Platform modules already initialized, skipping
Refreshing native plugins compatible for Editor in 0.61 ms, found 2 plugins.
Preloading 0 native plugins for Editor in 0.00 ms.
Unloading 3429 Unused Serialized files (Serialized files now loaded: 0)
System memory in use before: 144.3 MB.
System memory in use after: 144.4 MB.

Unloading 16 unused Assets to reduce memory usage. Loaded Objects now: 4074.
Total: 3.068300 ms (FindLiveObjects: 0.262600 ms CreateObjectMapping: 0.120600 ms MarkObjects: 2.434000 ms  DeleteObjects: 0.250000 ms)

========================================================================
Received Prepare
Registering precompiled user dll's ...
Registered in 0.002822 seconds.
Begin MonoManager ReloadAssembly
Symbol file LoadedFromMemory doesn't match image C:\Users\w24ch\Desktop\Games\Game Dev\proj02Reset\Library\PackageCache\com.unity.visualscripting@1.6.1\Editor\VisualScripting.Core\Dependencies\YamlDotNet\Unity.VisualScripting.YamlDotNet.dll
Symbol file LoadedFromMemory doesn't match image C:\Users\w24ch\Desktop\Games\Game Dev\proj02Reset\Library\PackageCache\com.unity.visualscripting@1.6.1\Editor\VisualScripting.Core\Dependencies\DotNetZip\Unity.VisualScripting.IonicZip.dll
Native extension for WindowsStandalone target not found
Native extension for OSXStandalone target not found
Refreshing native plugins compatible for Editor in 0.65 ms, found 2 plugins.
Preloading 0 native plugins for Editor in 0.00 ms.
Mono: successfully reloaded assembly
- Completed reload, in  0.978 seconds
Platform modules already initialized, skipping
Refreshing native plugins compatible for Editor in 0.64 ms, found 2 plugins.
Preloading 0 native plugins for Editor in 0.00 ms.
Unloading 3422 Unused Serialized files (Serialized files now loaded: 0)
System memory in use before: 144.1 MB.
System memory in use after: 144.2 MB.

Unloading 16 unused Assets to reduce memory usage. Loaded Objects now: 4078.
Total: 2.983800 ms (FindLiveObjects: 0.219900 ms CreateObjectMapping: 0.104800 ms MarkObjects: 2.431600 ms  DeleteObjects: 0.226600 ms)

========================================================================
Received Import Request.
  Time since last request: 103.776493 seconds.
  path: Assets/Scenes/MainScene.unity
  artifactKey: Guid(aabf998a42ee0aa4f8dfecb9e2d5f5a5) Importer(815301076,1909f56bfc062723c751e8b465ee728b)
Start importing Assets/Scenes/MainScene.unity using Guid(aabf998a42ee0aa4f8dfecb9e2d5f5a5) Importer(815301076,1909f56bfc062723c751e8b465ee728b)  -> (artifact id: '0c8c374c695c1f15b74d85c9e4d08561') in 0.018291 seconds 
========================================================================
Received Import Request.
  Time since last request: 0.375379 seconds.
  path: Assets/Scenes/MainScene 1.unity
  artifactKey: Guid(2031b438f393eea47b0c449c75e24bd0) Importer(815301076,1909f56bfc062723c751e8b465ee728b)
Start importing Assets/Scenes/MainScene 1.unity using Guid(2031b438f393eea47b0c449c75e24bd0) Importer(815301076,1909f56bfc062723c751e8b465ee728b)  -> (artifact id: '69cdf55a331734ba37ca274e12ddf939') in 0.004173 seconds 
========================================================================
Received Import Request.
  Time since last request: 0.143357 seconds.
  path: Assets/Scenes/MainScene 2.unity
  artifactKey: Guid(c7617d4ecafa35243942aa2b8f9f2764) Importer(815301076,1909f56bfc062723c751e8b465ee728b)
Start importing Assets/Scenes/MainScene 2.unity using Guid(c7617d4ecafa35243942aa2b8f9f2764) Importer(815301076,1909f56bfc062723c751e8b465ee728b)  -> (artifact id: '293a16efecb2dc4864c86e78661cdecb') in 0.005108 seconds 
========================================================================
Received Import Request.
  Time since last request: 4.577019 seconds.
  path: Assets/Scenes/VictoryScene.unity
  artifactKey: Guid(2031b438f393eea47b0c449c75e24bd0) Importer(815301076,1909f56bfc062723c751e8b465ee728b)
Start importing Assets/Scenes/VictoryScene.unity using Guid(2031b438f393eea47b0c449c75e24bd0) Importer(815301076,1909f56bfc062723c751e8b465ee728b)  -> (artifact id: 'f514342f8b2b01b962ac36fe32afa317') in 0.010382 seconds 
========================================================================
Received Import Request.
  Time since last request: 5.938969 seconds.
  path: Assets/Scenes/DeadScene.unity
  artifactKey: Guid(c7617d4ecafa35243942aa2b8f9f2764) Importer(815301076,1909f56bfc062723c751e8b465ee728b)
Start importing Assets/Scenes/DeadScene.unity using Guid(c7617d4ecafa35243942aa2b8f9f2764) Importer(815301076,1909f56bfc062723c751e8b465ee728b)  -> (artifact id: '7be7385e6dfbd8e276dd7c62958356fa') in 0.005021 seconds 
========================================================================
Received Prepare
Registering precompiled user dll's ...
Registered in 0.002220 seconds.
Begin MonoManager ReloadAssembly
Symbol file LoadedFromMemory doesn't match image C:\Users\w24ch\Desktop\Games\Game Dev\proj02Reset\Library\PackageCache\com.unity.visualscripting@1.6.1\Editor\VisualScripting.Core\Dependencies\YamlDotNet\Unity.VisualScripting.YamlDotNet.dll
Symbol file LoadedFromMemory doesn't match image C:\Users\w24ch\Desktop\Games\Game Dev\proj02Reset\Library\PackageCache\com.unity.visualscripting@1.6.1\Editor\VisualScripting.Core\Dependencies\DotNetZip\Unity.VisualScripting.IonicZip.dll
Native extension for WindowsStandalone target not found
Native extension for OSXStandalone target not found
Refreshing native plugins compatible for Editor in 0.55 ms, found 2 plugins.
Preloading 0 native plugins for Editor in 0.00 ms.
Mono: successfully reloaded assembly
- Completed reload, in  1.065 seconds
Platform modules already initialized, skipping
Refreshing native plugins compatible for Editor in 0.72 ms, found 2 plugins.
Preloading 0 native plugins for Editor in 0.00 ms.
Unloading 3422 Unused Serialized files (Serialized files now loaded: 0)
System memory in use before: 144.2 MB.
System memory in use after: 144.3 MB.

Unloading 16 unused Assets to reduce memory usage. Loaded Objects now: 4082.
Total: 5.791000 ms (FindLiveObjects: 0.566900 ms CreateObjectMapping: 0.397800 ms MarkObjects: 4.555700 ms  DeleteObjects: 0.269700 ms)

========================================================================
Received Prepare
Registering precompiled user dll's ...
Registered in 0.002392 seconds.
Begin MonoManager ReloadAssembly
Symbol file LoadedFromMemory doesn't match image C:\Users\w24ch\Desktop\Games\Game Dev\proj02Reset\Library\PackageCache\com.unity.visualscripting@1.6.1\Editor\VisualScripting.Core\Dependencies\YamlDotNet\Unity.VisualScripting.YamlDotNet.dll
Symbol file LoadedFromMemory doesn't match image C:\Users\w24ch\Desktop\Games\Game Dev\proj02Reset\Library\PackageCache\com.unity.visualscripting@1.6.1\Editor\VisualScripting.Core\Dependencies\DotNetZip\Unity.VisualScripting.IonicZip.dll
Native extension for WindowsStandalone target not found
Native extension for OSXStandalone target not found
Refreshing native plugins compatible for Editor in 0.93 ms, found 2 plugins.
Preloading 0 native plugins for Editor in 0.00 ms.
Mono: successfully reloaded assembly
- Completed reload, in  1.069 seconds
Platform modules already initialized, skipping
Refreshing native plugins compatible for Editor in 0.78 ms, found 2 plugins.
Preloading 0 native plugins for Editor in 0.00 ms.
Unloading 3422 Unused Serialized files (Serialized files now loaded: 0)
System memory in use before: 144.2 MB.
System memory in use after: 144.3 MB.

Unloading 16 unused Assets to reduce memory usage. Loaded Objects now: 4086.
Total: 2.876000 ms (FindLiveObjects: 0.287500 ms CreateObjectMapping: 0.131400 ms MarkObjects: 2.248700 ms  DeleteObjects: 0.207200 ms)

========================================================================
Received Import Request.
  Time since last request: 108.725664 seconds.
  path: Assets/Scripts/Player.cs
  artifactKey: Guid(98662f03bf5857245bb7fc3e56598c2a) Importer(815301076,1909f56bfc062723c751e8b465ee728b)
Start importing Assets/Scripts/Player.cs using Guid(98662f03bf5857245bb7fc3e56598c2a) Importer(815301076,1909f56bfc062723c751e8b465ee728b)  -> (artifact id: '70246d5634af88a38e0d07bc9ab5cbd9') in 0.012993 seconds 
========================================================================
Received Prepare
Registering precompiled user dll's ...
Registered in 0.003074 seconds.
Begin MonoManager ReloadAssembly
Symbol file LoadedFromMemory doesn't match image C:\Users\w24ch\Desktop\Games\Game Dev\proj02Reset\Library\PackageCache\com.unity.visualscripting@1.6.1\Editor\VisualScripting.Core\Dependencies\YamlDotNet\Unity.VisualScripting.YamlDotNet.dll
Symbol file LoadedFromMemory doesn't match image C:\Users\w24ch\Desktop\Games\Game Dev\proj02Reset\Library\PackageCache\com.unity.visualscripting@1.6.1\Editor\VisualScripting.Core\Dependencies\DotNetZip\Unity.VisualScripting.IonicZip.dll
Native extension for WindowsStandalone target not found
Native extension for OSXStandalone target not found
Refreshing native plugins compatible for Editor in 0.63 ms, found 2 plugins.
Preloading 0 native plugins for Editor in 0.00 ms.
Mono: successfully reloaded assembly
- Completed reload, in  1.003 seconds
Platform modules already initialized, skipping
Refreshing native plugins compatible for Editor in 0.56 ms, found 2 plugins.
Preloading 0 native plugins for Editor in 0.00 ms.
Unloading 3422 Unused Serialized files (Serialized files now loaded: 0)
System memory in use before: 144.2 MB.
System memory in use after: 144.3 MB.

Unloading 16 unused Assets to reduce memory usage. Loaded Objects now: 4090.
Total: 2.635700 ms (FindLiveObjects: 0.267400 ms CreateObjectMapping: 0.120800 ms MarkObjects: 2.121300 ms  DeleteObjects: 0.124900 ms)

========================================================================
Received Import Request.
  Time since last request: 25.609419 seconds.
  path: Assets/Scripts/Player.cs
  artifactKey: Guid(98662f03bf5857245bb7fc3e56598c2a) Importer(815301076,1909f56bfc062723c751e8b465ee728b)
Start importing Assets/Scripts/Player.cs using Guid(98662f03bf5857245bb7fc3e56598c2a) Importer(815301076,1909f56bfc062723c751e8b465ee728b)  -> (artifact id: 'f65c2a689b1cd423690c1341131d9174') in 0.006596 seconds 
========================================================================
Received Import Request.
  Time since last request: 4.756266 seconds.
  path: Assets/Scenes/DeadScene.unity
  artifactKey: Guid(c7617d4ecafa35243942aa2b8f9f2764) Importer(815301076,1909f56bfc062723c751e8b465ee728b)
Start importing Assets/Scenes/DeadScene.unity using Guid(c7617d4ecafa35243942aa2b8f9f2764) Importer(815301076,1909f56bfc062723c751e8b465ee728b)  -> (artifact id: 'dc7713c2f445d948156ecc5915c9636b') in 0.020419 seconds 
========================================================================
Received Prepare
Registering precompiled user dll's ...
Registered in 0.003443 seconds.
Begin MonoManager ReloadAssembly
Symbol file LoadedFromMemory doesn't match image C:\Users\w24ch\Desktop\Games\Game Dev\proj02Reset\Library\PackageCache\com.unity.visualscripting@1.6.1\Editor\VisualScripting.Core\Dependencies\YamlDotNet\Unity.VisualScripting.YamlDotNet.dll
Symbol file LoadedFromMemory doesn't match image C:\Users\w24ch\Desktop\Games\Game Dev\proj02Reset\Library\PackageCache\com.unity.visualscripting@1.6.1\Editor\VisualScripting.Core\Dependencies\DotNetZip\Unity.VisualScripting.IonicZip.dll
Native extension for WindowsStandalone target not found
Native extension for OSXStandalone target not found
Refreshing native plugins compatible for Editor in 1.31 ms, found 2 plugins.
Preloading 0 native plugins for Editor in 0.00 ms.
Mono: successfully reloaded assembly
- Completed reload, in  1.093 seconds
Platform modules already initialized, skipping
Refreshing native plugins compatible for Editor in 0.71 ms, found 2 plugins.
Preloading 0 native plugins for Editor in 0.00 ms.
Unloading 3422 Unused Serialized files (Serialized files now loaded: 0)
System memory in use before: 144.2 MB.
System memory in use after: 144.3 MB.

Unloading 16 unused Assets to reduce memory usage. Loaded Objects now: 4094.
Total: 4.998100 ms (FindLiveObjects: 0.427100 ms CreateObjectMapping: 0.235600 ms MarkObjects: 4.112000 ms  DeleteObjects: 0.221100 ms)

========================================================================
Received Import Request.
  Time since last request: 73.560449 seconds.
  path: Assets/Scenes/VictoryScene.unity
  artifactKey: Guid(2031b438f393eea47b0c449c75e24bd0) Importer(815301076,1909f56bfc062723c751e8b465ee728b)
Start importing Assets/Scenes/VictoryScene.unity using Guid(2031b438f393eea47b0c449c75e24bd0) Importer(815301076,1909f56bfc062723c751e8b465ee728b)  -> (artifact id: '97c8384b7f3031c65f92d4475f5551b8') in 0.018086 seconds 
========================================================================
Received Import Request.
  Time since last request: 18.942642 seconds.
  path: Assets/Scripts/UI/StartButtonScript.cs
  artifactKey: Guid(48decce3936369449a26c77a117c3455) Importer(815301076,1909f56bfc062723c751e8b465ee728b)
Start importing Assets/Scripts/UI/StartButtonScript.cs using Guid(48decce3936369449a26c77a117c3455) Importer(815301076,1909f56bfc062723c751e8b465ee728b)  -> (artifact id: '68d320455dba1b9c47fb412fafb93542') in 0.011707 seconds 
========================================================================
Received Prepare
Registering precompiled user dll's ...
Registered in 0.003567 seconds.
Begin MonoManager ReloadAssembly
Symbol file LoadedFromMemory doesn't match image C:\Users\w24ch\Desktop\Games\Game Dev\proj02Reset\Library\PackageCache\com.unity.visualscripting@1.6.1\Editor\VisualScripting.Core\Dependencies\YamlDotNet\Unity.VisualScripting.YamlDotNet.dll
Symbol file LoadedFromMemory doesn't match image C:\Users\w24ch\Desktop\Games\Game Dev\proj02Reset\Library\PackageCache\com.unity.visualscripting@1.6.1\Editor\VisualScripting.Core\Dependencies\DotNetZip\Unity.VisualScripting.IonicZip.dll
Native extension for WindowsStandalone target not found
Native extension for OSXStandalone target not found
Refreshing native plugins compatible for Editor in 0.72 ms, found 2 plugins.
Preloading 0 native plugins for Editor in 0.00 ms.
Mono: successfully reloaded assembly
- Completed reload, in  1.012 seconds
Platform modules already initialized, skipping
Refreshing native plugins compatible for Editor in 0.69 ms, found 2 plugins.
Preloading 0 native plugins for Editor in 0.00 ms.
Unloading 3422 Unused Serialized files (Serialized files now loaded: 0)
System memory in use before: 144.3 MB.
System memory in use after: 144.4 MB.

Unloading 16 unused Assets to reduce memory usage. Loaded Objects now: 4098.
Total: 2.736500 ms (FindLiveObjects: 0.308700 ms CreateObjectMapping: 0.124000 ms MarkObjects: 2.101100 ms  DeleteObjects: 0.201500 ms)

========================================================================
Received Prepare
Registering precompiled user dll's ...
Registered in 0.002912 seconds.
Begin MonoManager ReloadAssembly
Symbol file LoadedFromMemory doesn't match image C:\Users\w24ch\Desktop\Games\Game Dev\proj02Reset\Library\PackageCache\com.unity.visualscripting@1.6.1\Editor\VisualScripting.Core\Dependencies\YamlDotNet\Unity.VisualScripting.YamlDotNet.dll
Symbol file LoadedFromMemory doesn't match image C:\Users\w24ch\Desktop\Games\Game Dev\proj02Reset\Library\PackageCache\com.unity.visualscripting@1.6.1\Editor\VisualScripting.Core\Dependencies\DotNetZip\Unity.VisualScripting.IonicZip.dll
Native extension for WindowsStandalone target not found
Native extension for OSXStandalone target not found
Refreshing native plugins compatible for Editor in 0.64 ms, found 2 plugins.
Preloading 0 native plugins for Editor in 0.00 ms.
Mono: successfully reloaded assembly
- Completed reload, in  1.077 seconds
Platform modules already initialized, skipping
Refreshing native plugins compatible for Editor in 0.68 ms, found 2 plugins.
Preloading 0 native plugins for Editor in 0.00 ms.
Unloading 3422 Unused Serialized files (Serialized files now loaded: 0)
System memory in use before: 144.3 MB.
System memory in use after: 144.4 MB.

Unloading 16 unused Assets to reduce memory usage. Loaded Objects now: 4102.
Total: 3.304500 ms (FindLiveObjects: 0.253000 ms CreateObjectMapping: 0.193400 ms MarkObjects: 2.746800 ms  DeleteObjects: 0.109700 ms)

========================================================================
Received Prepare
Registering precompiled user dll's ...
Registered in 0.003386 seconds.
Begin MonoManager ReloadAssembly
Symbol file LoadedFromMemory doesn't match image C:\Users\w24ch\Desktop\Games\Game Dev\proj02Reset\Library\PackageCache\com.unity.visualscripting@1.6.1\Editor\VisualScripting.Core\Dependencies\YamlDotNet\Unity.VisualScripting.YamlDotNet.dll
Symbol file LoadedFromMemory doesn't match image C:\Users\w24ch\Desktop\Games\Game Dev\proj02Reset\Library\PackageCache\com.unity.visualscripting@1.6.1\Editor\VisualScripting.Core\Dependencies\DotNetZip\Unity.VisualScripting.IonicZip.dll
Native extension for WindowsStandalone target not found
Native extension for OSXStandalone target not found
Refreshing native plugins compatible for Editor in 0.54 ms, found 2 plugins.
Preloading 0 native plugins for Editor in 0.00 ms.
Mono: successfully reloaded assembly
- Completed reload, in  0.910 seconds
Platform modules already initialized, skipping
Refreshing native plugins compatible for Editor in 0.64 ms, found 2 plugins.
Preloading 0 native plugins for Editor in 0.00 ms.
Unloading 3422 Unused Serialized files (Serialized files now loaded: 0)
System memory in use before: 144.3 MB.
System memory in use after: 144.4 MB.

Unloading 16 unused Assets to reduce memory usage. Loaded Objects now: 4106.
Total: 3.329100 ms (FindLiveObjects: 0.441300 ms CreateObjectMapping: 0.315100 ms MarkObjects: 2.397200 ms  DeleteObjects: 0.174400 ms)

AssetImportWorkerClient::OnTransportError - code=2 error=End of file
